Started by an SCM change
Running as SYSTEM
Building in workspace /var/jenkins_home/workspace/gitTest
The recommended git tool is: NONE
No credentials specified
 > /usr/bin/git rev-parse --is-inside-work-tree # timeout=10
Fetching changes from the remote Git repository
 > /usr/bin/git config remote.origin.url https://github.com/soumukhe/jenkinsTest.git # timeout=10
Fetching upstream changes from https://github.com/soumukhe/jenkinsTest.git
 > /usr/bin/git --version # timeout=10
 > git --version # 'git version 2.20.1'
 > /usr/bin/git fetch --tags --force --progress -- https://github.com/soumukhe/jenkinsTest.git +refs/heads/*:refs/remotes/origin/* # timeout=10
 > /usr/bin/git rev-parse refs/remotes/origin/master^{commit} # timeout=10
Checking out Revision 80050cf23710d9509aa4fc8bcd225b6ef33301ff (refs/remotes/origin/master)
 > /usr/bin/git config core.sparsecheckout # timeout=10
 > /usr/bin/git checkout -f 80050cf23710d9509aa4fc8bcd225b6ef33301ff # timeout=10
Commit message: "no certs"
 > /usr/bin/git rev-list --no-walk aaed10faed53b384bac276c81a5463ffaeed58b0 # timeout=10
[8mha:////4AcBc40qg9r6ctS7qu5CT3HsHh93W/IF4YvKbfvq+AA/AAAAqx+LCAAAAAAAAP9b85aBtbiIQSujNKU4P0+vIKc0PTOvWC8xrzgzOT8nv0gvMbkkEyjhCKb88ktSdwVsu2efuqidiYHRh4EDIu2ZUsIg5JOVWJaon5OYl64fXFKUmZduXVHEIAU1ODk/rzg/J1XPGUKDDGKAAEYmBoaKghIGlZTkVGMTY7Nk3ZQUM0tdk+QkC92k1CQTXVOLZMNkS9NUc3NjAwA/89UIrwAAAA==[0m[gitTest] $ ansible-playbook /var/jenkins_home/workspace/gitTest/addbd.yaml -i /var/jenkins_home/workspace/gitTest/hosts -f 5

PLAY [Add a tenant] ************************************************************

TASK [Creating BD] *************************************************************
fatal: [dmzapic8 -> localhost]: FAILED! => {"changed": false, "msg": "The provided private key file does not appear to exist. Is it a filename?"}

PLAY RECAP *********************************************************************
dmzapic8                   : ok=0    changed=0    unreachable=0    failed=1    skipped=0    rescued=0    ignored=0   

FATAL: command execution failed
hudson.AbortException: Ansible playbook execution failed
	at org.jenkinsci.plugins.ansible.AnsiblePlaybookBuilder.perform(AnsiblePlaybookBuilder.java:262)
	at org.jenkinsci.plugins.ansible.AnsiblePlaybookBuilder.perform(AnsiblePlaybookBuilder.java:232)
	at jenkins.tasks.SimpleBuildStep.perform(SimpleBuildStep.java:123)
	at hudson.tasks.BuildStepCompatibilityLayer.perform(BuildStepCompatibilityLayer.java:80)
	at hudson.tasks.BuildStepMonitor$1.perform(BuildStepMonitor.java:20)
	at hudson.model.AbstractBuild$AbstractBuildExecution.perform(AbstractBuild.java:803)
	at hudson.model.Build$BuildExecution.build(Build.java:197)
	at hudson.model.Build$BuildExecution.doRun(Build.java:163)
	at hudson.model.AbstractBuild$AbstractBuildExecution.run(AbstractBuild.java:513)
	at hudson.model.Run.execute(Run.java:1906)
	at hudson.model.FreeStyleBuild.run(FreeStyleBuild.java:43)
	at hudson.model.ResourceController.execute(ResourceController.java:97)
	at hudson.model.Executor.run(Executor.java:429)
ERROR: Ansible playbook execution failed
Finished: FAILURE
