Started by an SCM change
Running as SYSTEM
Building in workspace /var/jenkins_home/workspace/gitTest
The recommended git tool is: NONE
No credentials specified
 > git rev-parse --is-inside-work-tree # timeout=10
Fetching changes from the remote Git repository
 > git config remote.origin.url https://github.com/soumukhe/jenkinsTest.git # timeout=10
Fetching upstream changes from https://github.com/soumukhe/jenkinsTest.git
 > git --version # timeout=10
 > git --version # 'git version 2.20.1'
 > git fetch --tags --force --progress -- https://github.com/soumukhe/jenkinsTest.git +refs/heads/*:refs/remotes/origin/* # timeout=10
 > git rev-parse refs/remotes/origin/master^{commit} # timeout=10
Checking out Revision 16657fb6d659361af6fb41ef3fbecdb576fbd804 (refs/remotes/origin/master)
 > git config core.sparsecheckout # timeout=10
 > git checkout -f 16657fb6d659361af6fb41ef3fbecdb576fbd804 # timeout=10
Commit message: "new"
 > git rev-list --no-walk 5f446fe931c869a59884d9c4daa2b6667635b9ac # timeout=10
[8mha:////4KMpNm0vreM2kcCSy9Yxlu2v8nnlAlEUfvGO3x/pPg9OAAAAqh+LCAAAAAAAAP9b85aBtbiIQSujNKU4P0+vIKc0PTOvWC8xrzgzOT8nv0gvMbkkEyjhCKb88ktSdwVsu2efuqidiYHRh4EDIu2ZUsIg5JOVWJaon5OYl64fXFKUmZduXVHEIAU1ODk/rzg/J1XPGUKDDGKAAEYmBoaKghIGldTENDMz05Q03STLpCRdE0MjICs5JUU3NdEk0dDAKNnUyMQAAAkT8xWvAAAA[0m[gitTest] $ ansible-playbook /var/jenkins_home/workspace/git-test/addbd.yaml -i /var/jenkins_home/workspace/git-test/hosts -f 5
ERROR! The field 'hosts' has an invalid value, which includes an undefined variable. The error was: 'host' is undefined

The error appears to be in '/var/jenkins_home/workspace/git-test/addbd.yaml': line 2, column 3, but may
be elsewhere in the file depending on the exact syntax problem.

The offending line appears to be:

---
- name: Add a tenant
  ^ here
FATAL: command execution failed
hudson.AbortException: Ansible playbook execution failed
	at org.jenkinsci.plugins.ansible.AnsiblePlaybookBuilder.perform(AnsiblePlaybookBuilder.java:262)
	at org.jenkinsci.plugins.ansible.AnsiblePlaybookBuilder.perform(AnsiblePlaybookBuilder.java:232)
	at jenkins.tasks.SimpleBuildStep.perform(SimpleBuildStep.java:123)
	at hudson.tasks.BuildStepCompatibilityLayer.perform(BuildStepCompatibilityLayer.java:80)
	at hudson.tasks.BuildStepMonitor$1.perform(BuildStepMonitor.java:20)
	at hudson.model.AbstractBuild$AbstractBuildExecution.perform(AbstractBuild.java:803)
	at hudson.model.Build$BuildExecution.build(Build.java:197)
	at hudson.model.Build$BuildExecution.doRun(Build.java:163)
	at hudson.model.AbstractBuild$AbstractBuildExecution.run(AbstractBuild.java:513)
	at hudson.model.Run.execute(Run.java:1906)
	at hudson.model.FreeStyleBuild.run(FreeStyleBuild.java:43)
	at hudson.model.ResourceController.execute(ResourceController.java:97)
	at hudson.model.Executor.run(Executor.java:429)
ERROR: Ansible playbook execution failed
Finished: FAILURE
