Started by user [8mha:////4HrJlDGTiFVfYBRCfaiU2NLlDPYF5PMA+y0tbxfvjZ1KAAAAmh+LCAAAAAAAAP9b85aBtbiIQTGjNKU4P08vOT+vOD8nVc83PyU1x6OyILUoJzMv2y+/JJUBAhiZGBgqihhk0NSjKDWzXb3RdlLBUSYGJk8GtpzUvPSSDB8G5tKinBIGIZ+sxLJE/ZzEvHT94JKizLx0a6BxUmjGOUNodHsLgAzBEgY+/dLi1CL94vzS3NLsjFQAbSb7OMMAAAA=[0mSoumitra Mukherji
Running as SYSTEM
Building in workspace /var/jenkins_home/workspace/4.Make-BD-Subnet
[8mha:////4EcEJ91q33ECD0+s1ybAGHraes31nHlPfFZdX03mll11AAAAqx+LCAAAAAAAAP9b85aBtbiIQSujNKU4P0+vIKc0PTOvWC8xrzgzOT8nv0gvMbkkEyjhCKb88ktSdwVsu2efuqidiYHRh4EDIu2ZUsIg5JOVWJaon5OYl64fXFKUmZduXVHEIAU1ODk/rzg/J1XPGUKDDGKAAEYmBoaKghIGFWNjU6Mkk1QLXUNTI2NdE3NTA91Ek2QzXXNTy6S0FPNEYwPjVACmmgXgrwAAAA==[0m[4.Make-BD-Subnet] $ ansible-playbook /myJenkinsData/Ansible/APIC/4.add_subnet.yaml -i /myJenkinsData/Ansible/APIC/hosts -f 5 -e host=dmzapic8 -e username=ansible -e tenant=sm-Jenkins-Ansible -e private_key=./certs/ansible.key -e certificate_name=ansible -e vrf_name=SMVRF1 -e bdname=smBD1 -e bd.ip=$bd.ip -e bd.mask=$bd.mask
[1;35m[WARNING]: While constructing a mapping from[0m
[1;35m/myJenkinsData/Ansible/APIC/4.add_subnet.yaml, line 15, column 9, found a[0m
[1;35mduplicate dict key (tenant). Using last defined value only.[0m
[1;35m[0m
PLAY [Add a tenant] ************************************************************

TASK [Create a subnet] *********************************************************
[0;31mfatal: [dmzapic8]: FAILED! => {"msg": "The task includes an option with an undefined variable. The error was: 'validate_certs' is undefined\n\nThe error appears to be in '/myJenkinsData/Ansible/APIC/4.add_subnet.yaml': line 13, column 7, but may\nbe elsewhere in the file depending on the exact syntax problem.\n\nThe offending line appears to be:\n\n\n    - name: Create a subnet\n      ^ here\n"}[0m
[0;31m[0m
PLAY RECAP *********************************************************************
[0;31mdmzapic8[0m                   : ok=0    changed=0    unreachable=0    [0;31mfailed=1   [0m skipped=0    rescued=0    ignored=0   

FATAL: command execution failed
hudson.AbortException: Ansible playbook execution failed
	at org.jenkinsci.plugins.ansible.AnsiblePlaybookBuilder.perform(AnsiblePlaybookBuilder.java:262)
	at org.jenkinsci.plugins.ansible.AnsiblePlaybookBuilder.perform(AnsiblePlaybookBuilder.java:232)
	at jenkins.tasks.SimpleBuildStep.perform(SimpleBuildStep.java:123)
	at hudson.tasks.BuildStepCompatibilityLayer.perform(BuildStepCompatibilityLayer.java:80)
	at hudson.tasks.BuildStepMonitor$1.perform(BuildStepMonitor.java:20)
	at hudson.model.AbstractBuild$AbstractBuildExecution.perform(AbstractBuild.java:803)
	at hudson.model.Build$BuildExecution.build(Build.java:197)
	at hudson.model.Build$BuildExecution.doRun(Build.java:163)
	at hudson.model.AbstractBuild$AbstractBuildExecution.run(AbstractBuild.java:513)
	at hudson.model.Run.execute(Run.java:1906)
	at hudson.model.FreeStyleBuild.run(FreeStyleBuild.java:43)
	at hudson.model.ResourceController.execute(ResourceController.java:97)
	at hudson.model.Executor.run(Executor.java:429)
ERROR: Ansible playbook execution failed
Finished: FAILURE
