Started by an SCM change
Running as SYSTEM
Building in workspace /var/jenkins_home/workspace/gitTest
The recommended git tool is: NONE
No credentials specified
 > /usr/bin/git rev-parse --is-inside-work-tree # timeout=10
Fetching changes from the remote Git repository
 > /usr/bin/git config remote.origin.url https://github.com/soumukhe/jenkinsTest.git # timeout=10
Fetching upstream changes from https://github.com/soumukhe/jenkinsTest.git
 > /usr/bin/git --version # timeout=10
 > git --version # 'git version 2.20.1'
 > /usr/bin/git fetch --tags --force --progress -- https://github.com/soumukhe/jenkinsTest.git +refs/heads/*:refs/remotes/origin/* # timeout=10
 > /usr/bin/git rev-parse refs/remotes/origin/master^{commit} # timeout=10
Checking out Revision 4a0a787093a9953346ca045a83c88944a2c8d7db (refs/remotes/origin/master)
 > /usr/bin/git config core.sparsecheckout # timeout=10
 > /usr/bin/git checkout -f 4a0a787093a9953346ca045a83c88944a2c8d7db # timeout=10
Commit message: "hello"
 > /usr/bin/git rev-list --no-walk d37390ee8aa92e6b08ea145a2fd983139bd992fc # timeout=10
[8mha:////4BGZQQtdz8K61FvslC4uJ2NqL/fqIyjfhidziRpTryGxAAAAqx+LCAAAAAAAAP9b85aBtbiIQSujNKU4P0+vIKc0PTOvWC8xrzgzOT8nv0gvMbkkEyjhCKb88ktSdwVsu2efuqidiYHRh4EDIu2ZUsIg5JOVWJaon5OYl64fXFKUmZduXVHEIAU1ODk/rzg/J1XPGUKDDGKAAEYmBoaKghIGleQ0k0TzVLNU3WQLcwtdE7NkY91EgyRLXbOkNCOzJMu0pLQkIwD7G+PQrwAAAA==[0m[gitTest] $ ansible-playbook /var/jenkins_home/workspace/git-test/addbd.yaml -i /var/jenkins_home/workspace/git-test/hosts -f 5
ERROR! The field 'hosts' has an invalid value, which includes an undefined variable. The error was: 'host' is undefined

The error appears to be in '/var/jenkins_home/workspace/git-test/addbd.yaml': line 2, column 3, but may
be elsewhere in the file depending on the exact syntax problem.

The offending line appears to be:

---
- name: Add a tenant
  ^ here
FATAL: command execution failed
hudson.AbortException: Ansible playbook execution failed
	at org.jenkinsci.plugins.ansible.AnsiblePlaybookBuilder.perform(AnsiblePlaybookBuilder.java:262)
	at org.jenkinsci.plugins.ansible.AnsiblePlaybookBuilder.perform(AnsiblePlaybookBuilder.java:232)
	at jenkins.tasks.SimpleBuildStep.perform(SimpleBuildStep.java:123)
	at hudson.tasks.BuildStepCompatibilityLayer.perform(BuildStepCompatibilityLayer.java:80)
	at hudson.tasks.BuildStepMonitor$1.perform(BuildStepMonitor.java:20)
	at hudson.model.AbstractBuild$AbstractBuildExecution.perform(AbstractBuild.java:803)
	at hudson.model.Build$BuildExecution.build(Build.java:197)
	at hudson.model.Build$BuildExecution.doRun(Build.java:163)
	at hudson.model.AbstractBuild$AbstractBuildExecution.run(AbstractBuild.java:513)
	at hudson.model.Run.execute(Run.java:1906)
	at hudson.model.FreeStyleBuild.run(FreeStyleBuild.java:43)
	at hudson.model.ResourceController.execute(ResourceController.java:97)
	at hudson.model.Executor.run(Executor.java:429)
ERROR: Ansible playbook execution failed
Finished: FAILURE
